This file contains any messages produced by compilers while
running configure, to aid debugging if configure makes a mistake.

It was created by Neonlicht configure 0.0.1, which was
generated by GNU Autoconf 2.69.  Invocation command line was

  $ ./configure 

## --------- ##
## Platform. ##
## --------- ##

hostname = neonlicht
uname -m = armv7l
uname -r = 4.1.19-v7+
uname -s = Linux
uname -v = #858 SMP Tue Mar 15 15:56:00 GMT 2016

/usr/bin/uname -p = unknown
/bin/uname -X     = unknown

/bin/arch              = unknown
/usr/bin/arch -k       = unknown
/usr/convex/getsysinfo = unknown
/usr/bin/hostinfo      = unknown
/bin/machine           = unknown
/usr/bin/oslevel       = unknown
/bin/universe          = unknown

PATH: /usr/local/sbin
PATH: /usr/local/bin
PATH: /usr/sbin
PATH: /usr/bin
PATH: /sbin
PATH: /bin
PATH: /usr/local/games
PATH: /usr/games


## ----------- ##
## Core tests. ##
## ----------- ##

configure:2238: checking for a BSD-compatible install
configure:2306: result: /usr/bin/install -c
configure:2317: checking whether build environment is sane
configure:2372: result: yes
configure:2523: checking for a thread-safe mkdir -p
configure:2562: result: /bin/mkdir -p
configure:2569: checking for gawk
configure:2599: result: no
configure:2569: checking for mawk
configure:2585: found /usr/bin/mawk
configure:2596: result: mawk
configure:2607: checking whether make sets $(MAKE)
configure:2629: result: yes
configure:2658: checking whether make supports nested variables
configure:2675: result: yes
configure:2861: checking for g++
configure:2877: found /usr/bin/g++
configure:2888: result: g++
configure:2915: checking for C++ compiler version
configure:2924: g++ --version >&5
g++ (Raspbian 4.9.2-10) 4.9.2
Copyright (C) 2014 Free Software Foundation, Inc.
This is free software; see the source for copying conditions.  There is NO
warranty; not even for MERCHANTABILITY or FITNESS FOR A PARTICULAR PURPOSE.

configure:2935: $? = 0
configure:2924: g++ -v >&5
Using built-in specs.
COLLECT_GCC=g++
COLLECT_LTO_WRAPPER=/usr/lib/gcc/arm-linux-gnueabihf/4.9/lto-wrapper
Target: arm-linux-gnueabihf
Configured with: ../src/configure -v --with-pkgversion='Raspbian 4.9.2-10' --with-bugurl=file:///usr/share/doc/gcc-4.9/README.Bugs --enable-languages=c,c++,java,go,d,fortran,objc,obj-c++ --prefix=/usr --program-suffix=-4.9 --enable-shared --enable-linker-build-id --libexecdir=/usr/lib --without-included-gettext --enable-threads=posix --with-gxx-include-dir=/usr/include/c++/4.9 --libdir=/usr/lib --enable-nls --with-sysroot=/ --enable-clocale=gnu --enable-libstdcxx-debug --enable-libstdcxx-time=yes --enable-gnu-unique-object --disable-libitm --disable-libquadmath --enable-plugin --with-system-zlib --disable-browser-plugin --enable-java-awt=gtk --enable-gtk-cairo --with-java-home=/usr/lib/jvm/java-1.5.0-gcj-4.9-armhf/jre --enable-java-home --with-jvm-root-dir=/usr/lib/jvm/java-1.5.0-gcj-4.9-armhf --with-jvm-jar-dir=/usr/lib/jvm-exports/java-1.5.0-gcj-4.9-armhf --with-arch-directory=arm --with-ecj-jar=/usr/share/java/eclipse-ecj.jar --enable-objc-gc --enable-multiarch --disable-sjlj-exceptions --with-arch=armv6 --with-fpu=vfp --with-float=hard --enable-checking=release --build=arm-linux-gnueabihf --host=arm-linux-gnueabihf --target=arm-linux-gnueabihf
Thread model: posix
gcc version 4.9.2 (Raspbian 4.9.2-10) 
configure:2935: $? = 0
configure:2924: g++ -V >&5
g++: error: unrecognized command line option '-V'
g++: fatal error: no input files
compilation terminated.
configure:2935: $? = 4
configure:2924: g++ -qversion >&5
g++: error: unrecognized command line option '-qversion'
g++: fatal error: no input files
compilation terminated.
configure:2935: $? = 4
configure:2955: checking whether the C++ compiler works
configure:2977: g++    conftest.cpp  >&5
configure:2981: $? = 0
configure:3029: result: yes
configure:3032: checking for C++ compiler default output file name
configure:3034: result: a.out
configure:3040: checking for suffix of executables
configure:3047: g++ -o conftest    conftest.cpp  >&5
configure:3051: $? = 0
configure:3073: result: 
configure:3095: checking whether we are cross compiling
configure:3103: g++ -o conftest    conftest.cpp  >&5
configure:3107: $? = 0
configure:3114: ./conftest
configure:3118: $? = 0
configure:3133: result: no
configure:3138: checking for suffix of object files
configure:3160: g++ -c   conftest.cpp >&5
configure:3164: $? = 0
configure:3185: result: o
configure:3189: checking whether we are using the GNU C++ compiler
configure:3208: g++ -c   conftest.cpp >&5
configure:3208: $? = 0
configure:3217: result: yes
configure:3226: checking whether g++ accepts -g
configure:3246: g++ -c -g  conftest.cpp >&5
configure:3246: $? = 0
configure:3287: result: yes
configure:3321: checking for style of include used by make
configure:3349: result: GNU
configure:3375: checking dependency style of g++
configure:3486: result: gcc3
configure:3553: checking for gcc
configure:3569: found /usr/bin/gcc
configure:3580: result: gcc
configure:3809: checking for C compiler version
configure:3818: gcc --version >&5
gcc (Raspbian 4.9.2-10) 4.9.2
Copyright (C) 2014 Free Software Foundation, Inc.
This is free software; see the source for copying conditions.  There is NO
warranty; not even for MERCHANTABILITY or FITNESS FOR A PARTICULAR PURPOSE.

configure:3829: $? = 0
configure:3818: gcc -v >&5
Using built-in specs.
COLLECT_GCC=gcc
COLLECT_LTO_WRAPPER=/usr/lib/gcc/arm-linux-gnueabihf/4.9/lto-wrapper
Target: arm-linux-gnueabihf
Configured with: ../src/configure -v --with-pkgversion='Raspbian 4.9.2-10' --with-bugurl=file:///usr/share/doc/gcc-4.9/README.Bugs --enable-languages=c,c++,java,go,d,fortran,objc,obj-c++ --prefix=/usr --program-suffix=-4.9 --enable-shared --enable-linker-build-id --libexecdir=/usr/lib --without-included-gettext --enable-threads=posix --with-gxx-include-dir=/usr/include/c++/4.9 --libdir=/usr/lib --enable-nls --with-sysroot=/ --enable-clocale=gnu --enable-libstdcxx-debug --enable-libstdcxx-time=yes --enable-gnu-unique-object --disable-libitm --disable-libquadmath --enable-plugin --with-system-zlib --disable-browser-plugin --enable-java-awt=gtk --enable-gtk-cairo --with-java-home=/usr/lib/jvm/java-1.5.0-gcj-4.9-armhf/jre --enable-java-home --with-jvm-root-dir=/usr/lib/jvm/java-1.5.0-gcj-4.9-armhf --with-jvm-jar-dir=/usr/lib/jvm-exports/java-1.5.0-gcj-4.9-armhf --with-arch-directory=arm --with-ecj-jar=/usr/share/java/eclipse-ecj.jar --enable-objc-gc --enable-multiarch --disable-sjlj-exceptions --with-arch=armv6 --with-fpu=vfp --with-float=hard --enable-checking=release --build=arm-linux-gnueabihf --host=arm-linux-gnueabihf --target=arm-linux-gnueabihf
Thread model: posix
gcc version 4.9.2 (Raspbian 4.9.2-10) 
configure:3829: $? = 0
configure:3818: gcc -V >&5
gcc: error: unrecognized command line option '-V'
gcc: fatal error: no input files
compilation terminated.
configure:3829: $? = 4
configure:3818: gcc -qversion >&5
gcc: error: unrecognized command line option '-qversion'
gcc: fatal error: no input files
compilation terminated.
configure:3829: $? = 4
configure:3833: checking whether we are using the GNU C compiler
configure:3852: gcc -c   conftest.c >&5
configure:3852: $? = 0
configure:3861: result: yes
configure:3870: checking whether gcc accepts -g
configure:3890: gcc -c -g  conftest.c >&5
configure:3890: $? = 0
configure:3931: result: yes
configure:3948: checking for gcc option to accept ISO C89
configure:4011: gcc  -c -g -O2  conftest.c >&5
configure:4011: $? = 0
configure:4024: result: none needed
configure:4049: checking whether gcc understands -c and -o together
configure:4071: gcc -c conftest.c -o conftest2.o
configure:4074: $? = 0
configure:4071: gcc -c conftest.c -o conftest2.o
configure:4074: $? = 0
configure:4086: result: yes
configure:4105: checking dependency style of gcc
configure:4216: result: gcc3
configure:4237: checking how to run the C preprocessor
configure:4268: gcc -E  conftest.c
configure:4268: $? = 0
configure:4282: gcc -E  conftest.c
conftest.c:11:28: fatal error: ac_nonexistent.h: No such file or directory
 #include <ac_nonexistent.h>
                            ^
compilation terminated.
configure:4282: $? = 1
configure: failed program was:
| /* confdefs.h */
| #define PACKAGE_NAME "Neonlicht"
| #define PACKAGE_TARNAME "neonlicht"
| #define PACKAGE_VERSION "0.0.1"
| #define PACKAGE_STRING "Neonlicht 0.0.1"
| #define PACKAGE_BUGREPORT "milde@hs-fulda.de"
| #define PACKAGE_URL ""
| #define PACKAGE "neonlicht"
| #define VERSION "0.0.1"
| /* end confdefs.h.  */
| #include <ac_nonexistent.h>
configure:4307: result: gcc -E
configure:4327: gcc -E  conftest.c
configure:4327: $? = 0
configure:4341: gcc -E  conftest.c
conftest.c:11:28: fatal error: ac_nonexistent.h: No such file or directory
 #include <ac_nonexistent.h>
                            ^
compilation terminated.
configure:4341: $? = 1
configure: failed program was:
| /* confdefs.h */
| #define PACKAGE_NAME "Neonlicht"
| #define PACKAGE_TARNAME "neonlicht"
| #define PACKAGE_VERSION "0.0.1"
| #define PACKAGE_STRING "Neonlicht 0.0.1"
| #define PACKAGE_BUGREPORT "milde@hs-fulda.de"
| #define PACKAGE_URL ""
| #define PACKAGE "neonlicht"
| #define VERSION "0.0.1"
| /* end confdefs.h.  */
| #include <ac_nonexistent.h>
configure:4370: checking for grep that handles long lines and -e
configure:4428: result: /bin/grep
configure:4433: checking for egrep
configure:4495: result: /bin/grep -E
configure:4500: checking for ANSI C header files
configure:4520: gcc -c -g -O2  conftest.c >&5
configure:4520: $? = 0
configure:4593: gcc -o conftest -g -O2   conftest.c  >&5
configure:4593: $? = 0
configure:4593: ./conftest
configure:4593: $? = 0
configure:4604: result: yes
configure:4617: checking for sys/types.h
configure:4617: gcc -c -g -O2  conftest.c >&5
configure:4617: $? = 0
configure:4617: result: yes
configure:4617: checking for sys/stat.h
configure:4617: gcc -c -g -O2  conftest.c >&5
configure:4617: $? = 0
configure:4617: result: yes
configure:4617: checking for stdlib.h
configure:4617: gcc -c -g -O2  conftest.c >&5
configure:4617: $? = 0
configure:4617: result: yes
configure:4617: checking for string.h
configure:4617: gcc -c -g -O2  conftest.c >&5
configure:4617: $? = 0
configure:4617: result: yes
configure:4617: checking for memory.h
configure:4617: gcc -c -g -O2  conftest.c >&5
configure:4617: $? = 0
configure:4617: result: yes
configure:4617: checking for strings.h
configure:4617: gcc -c -g -O2  conftest.c >&5
configure:4617: $? = 0
configure:4617: result: yes
configure:4617: checking for inttypes.h
configure:4617: gcc -c -g -O2  conftest.c >&5
configure:4617: $? = 0
configure:4617: result: yes
configure:4617: checking for stdint.h
configure:4617: gcc -c -g -O2  conftest.c >&5
configure:4617: $? = 0
configure:4617: result: yes
configure:4617: checking for unistd.h
configure:4617: gcc -c -g -O2  conftest.c >&5
configure:4617: $? = 0
configure:4617: result: yes
configure:4632: checking for stdlib.h
configure:4632: result: yes
configure:4632: checking for unistd.h
configure:4632: result: yes
configure:4651: checking for stdlib.h
configure:4651: result: yes
configure:4661: checking for GNU libc compatible malloc
configure:4685: gcc -o conftest -g -O2   conftest.c  >&5
configure:4685: $? = 0
configure:4685: ./conftest
configure:4685: $? = 0
configure:4695: result: yes
configure:4718: checking for sqrt
configure:4718: gcc -o conftest -g -O2   conftest.c  >&5
conftest.c:48:6: warning: conflicting types for built-in function 'sqrt'
 char sqrt ();
      ^
/tmp/ccYkoZua.o: In function `main':
/home/pi/programming/synthesizer/clone/neonlicht/conftest.c:59: undefined reference to `sqrt'
collect2: error: ld returned 1 exit status
configure:4718: $? = 1
configure: failed program was:
| /* confdefs.h */
| #define PACKAGE_NAME "Neonlicht"
| #define PACKAGE_TARNAME "neonlicht"
| #define PACKAGE_VERSION "0.0.1"
| #define PACKAGE_STRING "Neonlicht 0.0.1"
| #define PACKAGE_BUGREPORT "milde@hs-fulda.de"
| #define PACKAGE_URL ""
| #define PACKAGE "neonlicht"
| #define VERSION "0.0.1"
| #define STDC_HEADERS 1
| #define HAVE_SYS_TYPES_H 1
| #define HAVE_SYS_STAT_H 1
| #define HAVE_STDLIB_H 1
| #define HAVE_STRING_H 1
| #define HAVE_MEMORY_H 1
| #define HAVE_STRINGS_H 1
| #define HAVE_INTTYPES_H 1
| #define HAVE_STDINT_H 1
| #define HAVE_UNISTD_H 1
| #define HAVE_STDLIB_H 1
| #define HAVE_UNISTD_H 1
| #define HAVE_STDLIB_H 1
| #define HAVE_MALLOC 1
| /* end confdefs.h.  */
| /* Define sqrt to an innocuous variant, in case <limits.h> declares sqrt.
|    For example, HP-UX 11i <limits.h> declares gettimeofday.  */
| #define sqrt innocuous_sqrt
| 
| /* System header to define __stub macros and hopefully few prototypes,
|     which can conflict with char sqrt (); below.
|     Prefer <limits.h> to <assert.h> if __STDC__ is defined, since
|     <limits.h> exists even on freestanding compilers.  */
| 
| #ifdef __STDC__
| # include <limits.h>
| #else
| # include <assert.h>
| #endif
| 
| #undef sqrt
| 
| /* Override any GCC internal prototype to avoid an error.
|    Use char because int might match the return type of a GCC
|    builtin and then its argument prototype would still apply.  */
| #ifdef __cplusplus
| extern "C"
| #endif
| char sqrt ();
| /* The GNU C library defines this for functions which it implements
|     to always fail with ENOSYS.  Some functions are actually named
|     something starting with __ and the normal name is an alias.  */
| #if defined __stub_sqrt || defined __stub___sqrt
| choke me
| #endif
| 
| int
| main ()
| {
| return sqrt ();
|   ;
|   return 0;
| }
configure:4718: result: no
configure:4874: checking that generated files are newer than configure
configure:4880: result: done
configure:4907: creating ./config.status

## ---------------------- ##
## Running config.status. ##
## ---------------------- ##

This file was extended by Neonlicht config.status 0.0.1, which was
generated by GNU Autoconf 2.69.  Invocation command line was

  CONFIG_FILES    = 
  CONFIG_HEADERS  = 
  CONFIG_LINKS    = 
  CONFIG_COMMANDS = 
  $ ./config.status 

on neonlicht

config.status:785: creating Makefile
config.status:785: creating man/Makefile
config.status:785: creating src/Makefile
config.status:957: executing depfiles commands

## ---------------- ##
## Cache variables. ##
## ---------------- ##

ac_cv_c_compiler_gnu=yes
ac_cv_cxx_compiler_gnu=yes
ac_cv_env_CCC_set=
ac_cv_env_CCC_value=
ac_cv_env_CC_set=
ac_cv_env_CC_value=
ac_cv_env_CFLAGS_set=
ac_cv_env_CFLAGS_value=
ac_cv_env_CPPFLAGS_set=
ac_cv_env_CPPFLAGS_value=
ac_cv_env_CPP_set=
ac_cv_env_CPP_value=
ac_cv_env_CXXFLAGS_set=
ac_cv_env_CXXFLAGS_value=
ac_cv_env_CXX_set=
ac_cv_env_CXX_value=
ac_cv_env_LDFLAGS_set=
ac_cv_env_LDFLAGS_value=
ac_cv_env_LIBS_set=
ac_cv_env_LIBS_value=
ac_cv_env_build_alias_set=
ac_cv_env_build_alias_value=
ac_cv_env_host_alias_set=
ac_cv_env_host_alias_value=
ac_cv_env_target_alias_set=
ac_cv_env_target_alias_value=
ac_cv_func_malloc_0_nonnull=yes
ac_cv_func_sqrt=no
ac_cv_header_inttypes_h=yes
ac_cv_header_memory_h=yes
ac_cv_header_stdc=yes
ac_cv_header_stdint_h=yes
ac_cv_header_stdlib_h=yes
ac_cv_header_string_h=yes
ac_cv_header_strings_h=yes
ac_cv_header_sys_stat_h=yes
ac_cv_header_sys_types_h=yes
ac_cv_header_unistd_h=yes
ac_cv_objext=o
ac_cv_path_EGREP='/bin/grep -E'
ac_cv_path_GREP=/bin/grep
ac_cv_path_install='/usr/bin/install -c'
ac_cv_path_mkdir=/bin/mkdir
ac_cv_prog_AWK=mawk
ac_cv_prog_CPP='gcc -E'
ac_cv_prog_ac_ct_CC=gcc
ac_cv_prog_ac_ct_CXX=g++
ac_cv_prog_cc_c89=
ac_cv_prog_cc_g=yes
ac_cv_prog_cxx_g=yes
ac_cv_prog_make_make_set=yes
am_cv_CC_dependencies_compiler_type=gcc3
am_cv_CXX_dependencies_compiler_type=gcc3
am_cv_make_support_nested_variables=yes
am_cv_prog_cc_c_o=yes

## ----------------- ##
## Output variables. ##
## ----------------- ##

ACLOCAL='${SHELL} /home/pi/programming/synthesizer/clone/neonlicht/missing aclocal-1.14'
AMDEPBACKSLASH='\'
AMDEP_FALSE='#'
AMDEP_TRUE=''
AMTAR='$${TAR-tar}'
AM_BACKSLASH='\'
AM_DEFAULT_V='$(AM_DEFAULT_VERBOSITY)'
AM_DEFAULT_VERBOSITY='1'
AM_V='$(V)'
AUTOCONF='${SHELL} /home/pi/programming/synthesizer/clone/neonlicht/missing autoconf'
AUTOHEADER='${SHELL} /home/pi/programming/synthesizer/clone/neonlicht/missing autoheader'
AUTOMAKE='${SHELL} /home/pi/programming/synthesizer/clone/neonlicht/missing automake-1.14'
AWK='mawk'
CC='gcc'
CCDEPMODE='depmode=gcc3'
CFLAGS='-g -O2'
CPP='gcc -E'
CPPFLAGS=''
CXX='g++'
CXXDEPMODE='depmode=gcc3'
CXXFLAGS='-g -O2'
CYGPATH_W='echo'
DEFS='-DPACKAGE_NAME=\"Neonlicht\" -DPACKAGE_TARNAME=\"neonlicht\" -DPACKAGE_VERSION=\"0.0.1\" -DPACKAGE_STRING=\"Neonlicht\ 0.0.1\" -DPACKAGE_BUGREPORT=\"milde@hs-fulda.de\" -DPACKAGE_URL=\"\" -DPACKAGE=\"neonlicht\" -DVERSION=\"0.0.1\" -DSTDC_HEADERS=1 -DHAVE_SYS_TYPES_H=1 -DHAVE_SYS_STAT_H=1 -DHAVE_STDLIB_H=1 -DHAVE_STRING_H=1 -DHAVE_MEMORY_H=1 -DHAVE_STRINGS_H=1 -DHAVE_INTTYPES_H=1 -DHAVE_STDINT_H=1 -DHAVE_UNISTD_H=1 -DHAVE_STDLIB_H=1 -DHAVE_UNISTD_H=1 -DHAVE_STDLIB_H=1 -DHAVE_MALLOC=1'
DEPDIR='.deps'
ECHO_C=''
ECHO_N='-n'
ECHO_T=''
EGREP='/bin/grep -E'
EXEEXT=''
GREP='/bin/grep'
INSTALL_DATA='${INSTALL} -m 644'
INSTALL_PROGRAM='${INSTALL}'
INSTALL_SCRIPT='${INSTALL}'
INSTALL_STRIP_PROGRAM='$(install_sh) -c -s'
LDFLAGS=''
LIBOBJS=''
LIBS=''
LTLIBOBJS=''
MAKEINFO='${SHELL} /home/pi/programming/synthesizer/clone/neonlicht/missing makeinfo'
MKDIR_P='/bin/mkdir -p'
OBJEXT='o'
PACKAGE='neonlicht'
PACKAGE_BUGREPORT='milde@hs-fulda.de'
PACKAGE_NAME='Neonlicht'
PACKAGE_STRING='Neonlicht 0.0.1'
PACKAGE_TARNAME='neonlicht'
PACKAGE_URL=''
PACKAGE_VERSION='0.0.1'
PATH_SEPARATOR=':'
SET_MAKE=''
SHELL='/bin/bash'
STRIP=''
VERSION='0.0.1'
ac_ct_CC='gcc'
ac_ct_CXX='g++'
am__EXEEXT_FALSE=''
am__EXEEXT_TRUE='#'
am__fastdepCC_FALSE='#'
am__fastdepCC_TRUE=''
am__fastdepCXX_FALSE='#'
am__fastdepCXX_TRUE=''
am__include='include'
am__isrc=''
am__leading_dot='.'
am__nodep='_no'
am__quote=''
am__tar='$${TAR-tar} chof - "$$tardir"'
am__untar='$${TAR-tar} xf -'
bindir='${exec_prefix}/bin'
build_alias=''
datadir='${datarootdir}'
datarootdir='${prefix}/share'
docdir='${datarootdir}/doc/${PACKAGE_TARNAME}'
dvidir='${docdir}'
exec_prefix='${prefix}'
host_alias=''
htmldir='${docdir}'
includedir='${prefix}/include'
infodir='${datarootdir}/info'
install_sh='${SHELL} /home/pi/programming/synthesizer/clone/neonlicht/install-sh'
libdir='${exec_prefix}/lib'
libexecdir='${exec_prefix}/libexec'
localedir='${datarootdir}/locale'
localstatedir='${prefix}/var'
mandir='${datarootdir}/man'
mkdir_p='$(MKDIR_P)'
oldincludedir='/usr/include'
pdfdir='${docdir}'
prefix='/usr/local'
program_transform_name='s,x,x,'
psdir='${docdir}'
sbindir='${exec_prefix}/sbin'
sharedstatedir='${prefix}/com'
sysconfdir='${prefix}/etc'
target_alias=''

## ----------- ##
## confdefs.h. ##
## ----------- ##

/* confdefs.h */
#define PACKAGE_NAME "Neonlicht"
#define PACKAGE_TARNAME "neonlicht"
#define PACKAGE_VERSION "0.0.1"
#define PACKAGE_STRING "Neonlicht 0.0.1"
#define PACKAGE_BUGREPORT "milde@hs-fulda.de"
#define PACKAGE_URL ""
#define PACKAGE "neonlicht"
#define VERSION "0.0.1"
#define STDC_HEADERS 1
#define HAVE_SYS_TYPES_H 1
#define HAVE_SYS_STAT_H 1
#define HAVE_STDLIB_H 1
#define HAVE_STRING_H 1
#define HAVE_MEMORY_H 1
#define HAVE_STRINGS_H 1
#define HAVE_INTTYPES_H 1
#define HAVE_STDINT_H 1
#define HAVE_UNISTD_H 1
#define HAVE_STDLIB_H 1
#define HAVE_UNISTD_H 1
#define HAVE_STDLIB_H 1
#define HAVE_MALLOC 1

configure: exit 0

## ---------------------- ##
## Running config.status. ##
## ---------------------- ##

This file was extended by Neonlicht config.status 0.0.1, which was
generated by GNU Autoconf 2.69.  Invocation command line was

  CONFIG_FILES    = 
  CONFIG_HEADERS  = 
  CONFIG_LINKS    = 
  CONFIG_COMMANDS = 
  $ ./config.status src/Makefile depfiles

on neonlicht

config.status:785: creating src/Makefile
config.status:957: executing depfiles commands
